  Build Configuration:
    Name                ═ tuna
    Target              ═ build
    Root                ═ D:/Projects/i3PlusPlus/Marlin
    Threads             ═ 16
    Intermediate Path   ═ ./.int
    Output              ═ .bin/tuna.elf
    Output Dependencies ╒ .bin/tuna.eep
                        ╘ .bin/tuna.hex
    Source Paths        ╒ .
                        ╘ D:/Tools/arduino/hardware/arduino/avr/cores/arduino
  Build System Initialized (0.017039s)
  Directories Parsed. (0.036998s)
  Determining which object files need to be rebuilt
  Dependency Generation Complete. (0.611999s)
  No object files are out of date. (0.0s)
  Archive file is not out of date. (0.000999s)
  Output binary is not out of date. (0.001002s)
  Beginning Custom Build Step.
    EEP file is not out of date.
    HEX file is not out of date.
  Custom Build Step Complete (0.001015s)
  Build Not Needed. (0.669052s)
